<?xml version="1.0" encoding="UTF-8"?>
<!-- Generated by org.testng.reporters.JUnitXMLReporter -->
<testsuite ignored="0" hostname="Pandia-PC" failures="0" tests="2" name="Default test" time="20.058" errors="0" timestamp="2024-01-19T23:33:25 GMT">
  <testcase classname="automationAnywhere.automationAnywhereTests" name="processDiscoveryTestCase" time="2.507"/>
  <testcase classname="automationAnywhere.automationAnywhereTests" name="requestDemoTestCase" time="3.088"/>
</testsuite> <!-- Default test -->
