<?xml version="1.0" encoding="UTF-8"?>
<!-- Generated by org.testng.reporters.JUnitXMLReporter -->
<testsuite ignored="0" hostname="Pandia-PC" failures="0" tests="2" name="Automation Anywhere Tests" time="19.596" errors="0" timestamp="2024-01-19T23:42:49 GMT">
  <testcase classname="automationAnywhere.automationAnywhereTests" name="processDiscoveryTestCase" time="2.817"/>
  <testcase classname="automationAnywhere.automationAnywhereTests" name="requestDemoTestCase" time="2.661"/>
</testsuite> <!-- Automation Anywhere Tests -->
