<?xml version="1.0" encoding="UTF-8"?>
<testng-results ignored="0" total="2" passed="2" failed="0" skipped="0">
  <reporter-output>
  </reporter-output>
  <suite started-at="2024-01-19T23:42:30 GMT" name="Automation Anywhere Test Suite" finished-at="2024-01-19T23:42:49 GMT" duration-ms="19596">
    <groups>
    </groups>
    <test started-at="2024-01-19T23:42:30 GMT" name="Automation Anywhere Tests" finished-at="2024-01-19T23:42:49 GMT" duration-ms="19596">
      <class name="automationAnywhere.automationAnywhereTests">
        <test-method is-config="true" signature="before()[pri:0, instance:automationAnywhere.automationAnywhereTests@385c9627]" started-at="2024-01-19T23:42:30 GMT" name="before" finished-at="2024-01-19T23:42:37 GMT" duration-ms="7693" status="PASS">
          <reporter-output>
          </reporter-output>
        </test-method> <!-- before -->
        <test-method signature="processDiscoveryTestCase()[pri:0, instance:automationAnywhere.automationAnywhereTests@385c9627]" started-at="2024-01-19T23:42:37 GMT" name="processDiscoveryTestCase" finished-at="2024-01-19T23:42:40 GMT" duration-ms="2817" status="PASS">
          <reporter-output>
          </reporter-output>
        </test-method> <!-- processDiscoveryTestCase -->
        <test-method is-config="true" signature="after()[pri:0, instance:automationAnywhere.automationAnywhereTests@385c9627]" started-at="2024-01-19T23:42:40 GMT" name="after" finished-at="2024-01-19T23:42:40 GMT" duration-ms="138" status="PASS">
          <reporter-output>
          </reporter-output>
        </test-method> <!-- after -->
        <test-method is-config="true" signature="before()[pri:0, instance:automationAnywhere.automationAnywhereTests@385c9627]" started-at="2024-01-19T23:42:40 GMT" name="before" finished-at="2024-01-19T23:42:46 GMT" duration-ms="6136" status="PASS">
          <reporter-output>
          </reporter-output>
        </test-method> <!-- before -->
        <test-method signature="requestDemoTestCase()[pri:0, instance:automationAnywhere.automationAnywhereTests@385c9627]" started-at="2024-01-19T23:42:46 GMT" name="requestDemoTestCase" finished-at="2024-01-19T23:42:49 GMT" duration-ms="2661" status="PASS">
          <reporter-output>
          </reporter-output>
        </test-method> <!-- requestDemoTestCase -->
        <test-method is-config="true" signature="after()[pri:0, instance:automationAnywhere.automationAnywhereTests@385c9627]" started-at="2024-01-19T23:42:49 GMT" name="after" finished-at="2024-01-19T23:42:49 GMT" duration-ms="126" status="PASS">
          <reporter-output>
          </reporter-output>
        </test-method> <!-- after -->
      </class> <!-- automationAnywhere.automationAnywhereTests -->
    </test> <!-- Automation Anywhere Tests -->
  </suite> <!-- Automation Anywhere Test Suite -->
</testng-results>
